<?xml version="1.0" encoding="UTF-8"?>
<!-- Generated by org.testng.reporters.JUnitReportReporter -->
<testsuite hostname="DESKTOP-4EMVAE2" name="com.framework.testCases.TC_AddCstmr_03" tests="1" failures="0" timestamp="10 Aug 2023 17:13:13 GMT" time="23.428" errors="0">
  <testcase name="addNewCustomer" time="23.428" classname="com.framework.testCases.TC_AddCstmr_03"/>
</testsuite> <!-- com.framework.testCases.TC_AddCstmr_03 -->
