<?xml version="1.0" encoding="UTF-8"?>
<!-- Generated by org.testng.reporters.JUnitReportReporter -->
<testsuite hostname="DESKTOP-4EMVAE2" name="com.framework.testCases.TC_Login_01" tests="1" failures="0" timestamp="11 Aug 2023 11:45:23 GMT" time="6.555" errors="0">
  <testcase name="loginTest" time="6.555" classname="com.framework.testCases.TC_Login_01"/>
</testsuite> <!-- com.framework.testCases.TC_Login_01 -->
